<?xml version="1.0" encoding="UTF-8"?>
<testsuite xmlns:xsi="http://www.w3.org/2001/XMLSchema-instance" xsi:noNamespaceSchemaLocation="https://maven.apache.org/surefire/maven-surefire-plugin/xsd/surefire-test-report-3.0.xsd" version="3.0" name="fr.umlv.structconc.VectorizedTest" time="0.533" tests="21" errors="0" skipped="0" failures="0">
  <properties>
[...]
</properties>
  <testcase name="sum([I, int)" classname="fr.umlv.structconc.VectorizedTest" time="0.075"/>
  <testcase name="sum([I, int)" classname="fr.umlv.structconc.VectorizedTest" time="0.002"/>
  <testcase name="sum([I, int)" classname="fr.umlv.structconc.VectorizedTest" time="0.002"/>
  <testcase name="sum([I, int)" classname="fr.umlv.structconc.VectorizedTest" time="0.002"/>
  <testcase name="sum([I, int)" classname="fr.umlv.structconc.VectorizedTest" time="0.003"/>
  <testcase name="sum([I, int)" classname="fr.umlv.structconc.VectorizedTest" time="0.013"/>
  <testcase name="sum([I, int)" classname="fr.umlv.structconc.VectorizedTest" time="0.028"/>
  <testcase name="sumReduceLane([I, int)" classname="fr.umlv.structconc.VectorizedTest" time="0.001"/>
  <testcase name="sumReduceLane([I, int)" classname="fr.umlv.structconc.VectorizedTest" time="0.001"/>
  <testcase name="sumReduceLane([I, int)" classname="fr.umlv.structconc.VectorizedTest" time="0.034"/>
  <testcase name="sumReduceLane([I, int)" classname="fr.umlv.structconc.VectorizedTest" time="0.002"/>
  <testcase name="sumReduceLane([I, int)" classname="fr.umlv.structconc.VectorizedTest" time="0.004"/>
  <testcase name="sumReduceLane([I, int)" classname="fr.umlv.structconc.VectorizedTest" time="0.023"/>
  <testcase name="sumReduceLane([I, int)" classname="fr.umlv.structconc.VectorizedTest" time="0.028"/>
  <testcase name="sumLanewise([I, int)" classname="fr.umlv.structconc.VectorizedTest" time="0.004"/>
  <testcase name="sumLanewise([I, int)" classname="fr.umlv.structconc.VectorizedTest" time="0.001"/>
  <testcase name="sumLanewise([I, int)" classname="fr.umlv.structconc.VectorizedTest" time="0.002"/>
  <testcase name="sumLanewise([I, int)" classname="fr.umlv.structconc.VectorizedTest" time="0"/>
  <testcase name="sumLanewise([I, int)" classname="fr.umlv.structconc.VectorizedTest" time="0.002"/>
  <testcase name="sumLanewise([I, int)" classname="fr.umlv.structconc.VectorizedTest" time="0.015"/>
  <testcase name="sumLanewise([I, int)" classname="fr.umlv.structconc.VectorizedTest" time="0.022"/>
</testsuite>